INFO:root:Leticia
CRITICAL:root:Leticia
ERROR:root:Leticia
WARNING:root:Leticia
INFO:root:Leticia
CRITICAL:root:Leticia
ERROR:root:Leticia
WARNING:root:Leticia
INFO:root:Leticia
CRITICAL:root:Leticia
ERROR:root:Leticia
WARNING:root:Leticia
INFO:root:Leticia
CRITICAL:root:Leticia
ERROR:root:Leticia
WARNING:root:Leticia
INFO 2022-12-02 19:39:02,703 - testando com informacoes de logs
INFO 2022-12-02 19:39:05,747 - testando com informacoes de logs
INFO 2022-12-02 19:39:06,261 - testando com informacoes de logs
INFO 2022-12-02 19:39:06,661 - testando com informacoes de logs
INFO:root:Leticia
CRITICAL:root:Leticia
ERROR:root:Leticia
WARNING:root:Leticia
INFO:root:testando com informacoes de logs
INFO:root:Leticia
CRITICAL:root:Leticia
ERROR:root:Leticia
WARNING:root:Leticia
INFO:root:testando com informacoes de logs
CRITICAL:root:Leticia
ERROR:root:Leticia
WARNING:root:Leticia
INFO 2022-12-02 19:45:01,460 - testando com informacoes de logs
